<?xml version="1.0" encoding="UTF-8"?>
<!-- Generated by org.testng.reporters.JUnitReportReporter -->
<testsuite skipped="0" hostname="DESKTOP-C9MVC75" name="com.gcr.config.StartBrowser" tests="1" failures="0" timestamp="2020-10-18T07:10:43 IST" time="2.195" errors="0">
  <testcase name="launch" time="2.195" classname="com.gcr.config.StartBrowser"/>
  <system-out/>
</testsuite> <!-- com.gcr.config.StartBrowser -->
